<?xml version="1.0" encoding="UTF-8"?>
<!-- Generated by org.testng.reporters.JUnitXMLReporter -->
<testsuite ignored="0" hostname="DESKTOP-F333RF8" failures="1" tests="4" name="npCommerceTest" time="246.669" errors="0" timestamp="2023-09-01T20:15:46 IST">
  <testcase classname="testCases.Tc_003_LoginDDT" name="test_loginddt" time="26.624"/>
  <testcase classname="testCases.Tc_003_LoginDDT" name="test_loginddt" time="19.501"/>
  <testcase classname="testCases.Tc_003_LoginDDT" name="test_loginddt" time="14.426">
    <failure type="java.lang.AssertionError" message="expected [true] but found [false]">
      <![CDATA[java.lang.AssertionError: expected [true] but found [false]
at testCases.Tc_003_LoginDDT.test_loginddt(Tc_003_LoginDDT.java:44)
at java.base/java.util.ArrayList.forEach(ArrayList.java:1511)
... Removed 31 stack frames]]>
    </failure>
  </testcase> <!-- test_loginddt -->
  <testcase classname="testCases.Tc_003_LoginDDT" name="test_loginddt" time="14.033"/>
</testsuite> <!-- npCommerceTest -->
